@storybook/cli v7.0.18

info => Cleaning outputDir: /tmp/chromatic--1039698-lLGb1HWHwkfc
info => Loading presets
info => Building manager..
info => Manager built (213 ms)
info => Copying static files: /home/mendesco/Projects/full-stack/nordic-io/calixto/node_modules/@storybook/manager/static at /tmp/chromatic--1039698-lLGb1HWHwkfc/sb-common-assets
vite v4.3.9 building for production...

./sb-common-assets/fonts.css doesn't exist at build time, it will remain unchanged to be resolved at runtime
transforming...
Use of eval in "node_modules/telejson/dist/index.mjs" is strongly discouraged as it poses security risks and may cause issues with minification.
Use of eval in "node_modules/telejson/dist/index.mjs" is strongly discouraged as it poses security risks and may cause issues with minification.
✓ 694 modules transformed.
rendering chunks...
computing gzip size...
../../../../../../tmp/chromatic--1039698-lLGb1HWHwkfc/iframe.html                                          12.70 kB │ gzip:   3.56 kB
../../../../../../tmp/chromatic--1039698-lLGb1HWHwkfc/assets/index-d475d2ea.js                              0.21 kB │ gzip:   0.17 kB │ map:     0.83 kB
../../../../../../tmp/chromatic--1039698-lLGb1HWHwkfc/assets/index-186b3228.js                              0.25 kB │ gzip:   0.20 kB │ map:     0.10 kB
../../../../../../tmp/chromatic--1039698-lLGb1HWHwkfc/assets/WithTooltip-FBT32F6Q-3f52d2ae.js               0.42 kB │ gzip:   0.26 kB │ map:     0.11 kB
../../../../../../tmp/chromatic--1039698-lLGb1HWHwkfc/assets/syntaxhighlighter-QTQ2UBB4-2e51d83c.js         0.44 kB │ gzip:   0.28 kB │ map:     0.12 kB
../../../../../../tmp/chromatic--1039698-lLGb1HWHwkfc/assets/index-1d576ef5.js                              0.53 kB │ gzip:   0.34 kB │ map:     4.28 kB
../../../../../../tmp/chromatic--1039698-lLGb1HWHwkfc/assets/preview-a3c4b2af.js                            0.54 kB │ gzip:   0.33 kB │ map:     0.56 kB
../../../../../../tmp/chromatic--1039698-lLGb1HWHwkfc/assets/react-18-f58e807b.js                           0.59 kB │ gzip:   0.38 kB │ map:     2.63 kB
../../../../../../tmp/chromatic--1039698-lLGb1HWHwkfc/assets/preview-5ef354f3.js                            0.69 kB │ gzip:   0.49 kB │ map:     3.89 kB
../../../../../../tmp/chromatic--1039698-lLGb1HWHwkfc/assets/_commonjsHelpers-042e6b4d.js                   0.78 kB │ gzip:   0.44 kB │ map:     0.11 kB
../../../../../../tmp/chromatic--1039698-lLGb1HWHwkfc/assets/index-356e4a49.js                              0.81 kB │ gzip:   0.51 kB │ map:     3.26 kB
../../../../../../tmp/chromatic--1039698-lLGb1HWHwkfc/assets/preview-b1164a2e.js                            0.88 kB │ gzip:   0.58 kB │ map:     2.89 kB
../../../../../../tmp/chromatic--1039698-lLGb1HWHwkfc/assets/jsx-runtime-94f6e698.js                        0.97 kB │ gzip:   0.61 kB │ map:     2.31 kB
../../../../../../tmp/chromatic--1039698-lLGb1HWHwkfc/assets/Introduction-3ba0790f.js                       0.99 kB │ gzip:   0.52 kB │ map:     1.30 kB
../../../../../../tmp/chromatic--1039698-lLGb1HWHwkfc/assets/DocsRenderer-EYKKDMVH-373ed460.js              1.26 kB │ gzip:   0.69 kB │ map:     2.55 kB
../../../../../../tmp/chromatic--1039698-lLGb1HWHwkfc/assets/preview-a60aa466.js                            2.40 kB │ gzip:   1.25 kB │ map:    11.17 kB
../../../../../../tmp/chromatic--1039698-lLGb1HWHwkfc/assets/index-d37d4223.js                              2.63 kB │ gzip:   1.30 kB │ map:     7.47 kB
../../../../../../tmp/chromatic--1039698-lLGb1HWHwkfc/assets/preview-770cc08b.js                            3.22 kB │ gzip:   1.39 kB │ map:    10.04 kB
../../../../../../tmp/chromatic--1039698-lLGb1HWHwkfc/assets/iframe-e230e65f.js                             4.38 kB │ gzip:   1.65 kB │ map:     5.34 kB
../../../../../../tmp/chromatic--1039698-lLGb1HWHwkfc/assets/index-8db94870.js                              7.21 kB │ gzip:   2.95 kB │ map:    15.70 kB
../../../../../../tmp/chromatic--1039698-lLGb1HWHwkfc/assets/preview-d8c963a4.js                            7.67 kB │ gzip:   1.60 kB │ map:    13.70 kB
../../../../../../tmp/chromatic--1039698-lLGb1HWHwkfc/assets/preview-2cd4e1a1.js                            8.00 kB │ gzip:   3.04 kB │ map:    28.11 kB
../../../../../../tmp/chromatic--1039698-lLGb1HWHwkfc/assets/GlobalScrollAreaStyles-XIHNDKUY-e4feede4.js   10.40 kB │ gzip:   2.34 kB │ map:    15.73 kB
../../../../../../tmp/chromatic--1039698-lLGb1HWHwkfc/assets/Button.stories-8a4dc8d9.js                    18.88 kB │ gzip:   5.46 kB │ map:    56.03 kB
../../../../../../tmp/chromatic--1039698-lLGb1HWHwkfc/assets/preview-0b573777.js                           21.08 kB │ gzip:   7.00 kB │ map:    68.18 kB
../../../../../../tmp/chromatic--1039698-lLGb1HWHwkfc/assets/preview-32d2c3d5.js                           23.90 kB │ gzip:   7.98 kB │ map:   150.99 kB
../../../../../../tmp/chromatic--1039698-lLGb1HWHwkfc/assets/Color-3YIJY6X7-3948e894.js                    31.03 kB │ gzip:  11.64 kB │ map:   112.57 kB
../../../../../../tmp/chromatic--1039698-lLGb1HWHwkfc/assets/focusVisible-ae19957f.js                      32.41 kB │ gzip:   8.41 kB │ map:   159.61 kB
../../../../../../tmp/chromatic--1039698-lLGb1HWHwkfc/assets/OverlayScrollbars-VAV6LJAB-2b2f27e1.js        58.97 kB │ gzip:  25.28 kB │ map:   277.46 kB
../../../../../../tmp/chromatic--1039698-lLGb1HWHwkfc/assets/index-80ae7d84.js                            212.55 kB │ gzip:  66.45 kB │ map:   651.11 kB
../../../../../../tmp/chromatic--1039698-lLGb1HWHwkfc/assets/config-db0a6a2e.js                           213.98 kB │ gzip:  66.65 kB │ map:   805.20 kB
../../../../../../tmp/chromatic--1039698-lLGb1HWHwkfc/assets/index-6593723d.js                            502.73 kB │ gzip: 165.52 kB │ map: 1,440.33 kB
../../../../../../tmp/chromatic--1039698-lLGb1HWHwkfc/assets/formatter-S4K5WUZV-6255ff81.js               601.61 kB │ gzip: 185.03 kB │ map: 1,314.28 kB

(!) Some chunks are larger than 500 kBs after minification. Consider:
- Using dynamic import() to code-split the application
- Use build.rollupOptions.output.manualChunks to improve chunking: https://rollupjs.org/configuration-options/#output-manualchunks
- Adjust chunk size limit for this warning via build.chunkSizeWarningLimit.
✓ built in 12.37s
info => Output directory: /tmp/chromatic--1039698-lLGb1HWHwkfc
